This file contains any messages produced by compilers while
running configure, to aid debugging if configure makes a mistake.

It was created by LIA_RAL configure 3.0, which was
generated by GNU Autoconf 2.69.  Invocation command line was

  $ ./configure --enable-MT --with-alize=/home/laboinfo/benkheder/alize/ALIZE_3.0/

## --------- ##
## Platform. ##
## --------- ##

hostname = Galactica
uname -m = x86_64
uname -r = 3.16.0-30-generic
uname -s = Linux
uname -v = #40~14.04.1-Ubuntu SMP Thu Jan 15 17:43:14 UTC 2015

/usr/bin/uname -p = unknown
/bin/uname -X     = unknown

/bin/arch              = unknown
/usr/bin/arch -k       = unknown
/usr/convex/getsysinfo = unknown
/usr/bin/hostinfo      = unknown
/bin/machine           = unknown
/usr/bin/oslevel       = unknown
/bin/universe          = unknown

PATH: /users/benkheder/tda/gperf-3.0.4/src/
PATH: /users/benkheder/scripts
PATH: /usr/local/cuda-7.0/bin
PATH: /usr/local/sbin
PATH: /usr/local/bin
PATH: /usr/sbin
PATH: /usr/bin
PATH: /sbin
PATH: /bin
PATH: /usr/games
PATH: /usr/local/games
PATH: /usr/local/cuda/bin
PATH: /home/laboinfo/benkheder//bin/
PATH: /users/benkheder/bin/
PATH: /local/_NIST_2012_/driss/waad/src/
PATH: /usr/local/cuda-7.0/bin/


## ----------- ##
## Core tests. ##
## ----------- ##

configure:2315: checking for a BSD-compatible install
configure:2383: result: /usr/bin/install -c
configure:2394: checking whether build environment is sane
configure:2449: result: yes
configure:2487: WARNING: 'missing' script is too old or missing
configure:2600: checking for a thread-safe mkdir -p
configure:2639: result: /bin/mkdir -p
configure:2646: checking for gawk
configure:2662: found /usr/bin/gawk
configure:2673: result: gawk
configure:2684: checking whether make sets $(MAKE)
configure:2706: result: yes
configure:2735: checking whether make supports nested variables
configure:2752: result: yes
configure:2938: checking for g++
configure:2954: found /usr/bin/g++
configure:2965: result: g++
configure:2992: checking for C++ compiler version
configure:3001: g++ --version >&5
g++ (Ubuntu 4.8.4-2ubuntu1~14.04) 4.8.4
Copyright (C) 2013 Free Software Foundation, Inc.
This is free software; see the source for copying conditions.  There is NO
warranty; not even for MERCHANTABILITY or FITNESS FOR A PARTICULAR PURPOSE.

configure:3012: $? = 0
configure:3001: g++ -v >&5
Using built-in specs.
COLLECT_GCC=g++
COLLECT_LTO_WRAPPER=/usr/lib/gcc/x86_64-linux-gnu/4.8/lto-wrapper
Target: x86_64-linux-gnu
Configured with: ../src/configure -v --with-pkgversion='Ubuntu 4.8.4-2ubuntu1~14.04' --with-bugurl=file:///usr/share/doc/gcc-4.8/README.Bugs --enable-languages=c,c++,java,go,d,fortran,objc,obj-c++ --prefix=/usr --program-suffix=-4.8 --enable-shared --enable-linker-build-id --libexecdir=/usr/lib --without-included-gettext --enable-threads=posix --with-gxx-include-dir=/usr/include/c++/4.8 --libdir=/usr/lib --enable-nls --with-sysroot=/ --enable-clocale=gnu --enable-libstdcxx-debug --enable-libstdcxx-time=yes --enable-gnu-unique-object --disable-libmudflap --enable-plugin --with-system-zlib --disable-browser-plugin --enable-java-awt=gtk --enable-gtk-cairo --with-java-home=/usr/lib/jvm/java-1.5.0-gcj-4.8-amd64/jre --enable-java-home --with-jvm-root-dir=/usr/lib/jvm/java-1.5.0-gcj-4.8-amd64 --with-jvm-jar-dir=/usr/lib/jvm-exports/java-1.5.0-gcj-4.8-amd64 --with-arch-directory=amd64 --with-ecj-jar=/usr/share/java/eclipse-ecj.jar --enable-objc-gc --enable-multiarch --disable-werror --with-arch-32=i686 --with-abi=m64 --with-multilib-list=m32,m64,mx32 --with-tune=generic --enable-checking=release --build=x86_64-linux-gnu --host=x86_64-linux-gnu --target=x86_64-linux-gnu
Thread model: posix
gcc version 4.8.4 (Ubuntu 4.8.4-2ubuntu1~14.04) 
configure:3012: $? = 0
configure:3001: g++ -V >&5
g++: error: unrecognized command line option '-V'
g++: fatal error: no input files
compilation terminated.
configure:3012: $? = 4
configure:3001: g++ -qversion >&5
g++: error: unrecognized command line option '-qversion'
g++: fatal error: no input files
compilation terminated.
configure:3012: $? = 4
configure:3032: checking whether the C++ compiler works
configure:3054: g++    conftest.cpp  >&5
configure:3058: $? = 0
configure:3106: result: yes
configure:3109: checking for C++ compiler default output file name
configure:3111: result: a.out
configure:3117: checking for suffix of executables
configure:3124: g++ -o conftest    conftest.cpp  >&5
configure:3128: $? = 0
configure:3150: result: 
configure:3172: checking whether we are cross compiling
configure:3180: g++ -o conftest    conftest.cpp  >&5
configure:3184: $? = 0
configure:3191: ./conftest
configure:3195: $? = 0
configure:3210: result: no
configure:3215: checking for suffix of object files
configure:3237: g++ -c   conftest.cpp >&5
configure:3241: $? = 0
configure:3262: result: o
configure:3266: checking whether we are using the GNU C++ compiler
configure:3285: g++ -c   conftest.cpp >&5
configure:3285: $? = 0
configure:3294: result: yes
configure:3303: checking whether g++ accepts -g
configure:3323: g++ -c -g  conftest.cpp >&5
configure:3323: $? = 0
configure:3364: result: yes
configure:3398: checking for style of include used by make
configure:3426: result: GNU
configure:3452: checking dependency style of g++
configure:3563: result: gcc3
configure:3626: checking for gcc
configure:3642: found /usr/bin/gcc
configure:3653: result: gcc
configure:3882: checking for C compiler version
configure:3891: gcc --version >&5
gcc (Ubuntu 4.8.4-2ubuntu1~14.04) 4.8.4
Copyright (C) 2013 Free Software Foundation, Inc.
This is free software; see the source for copying conditions.  There is NO
warranty; not even for MERCHANTABILITY or FITNESS FOR A PARTICULAR PURPOSE.

configure:3902: $? = 0
configure:3891: gcc -v >&5
Using built-in specs.
COLLECT_GCC=gcc
COLLECT_LTO_WRAPPER=/usr/lib/gcc/x86_64-linux-gnu/4.8/lto-wrapper
Target: x86_64-linux-gnu
Configured with: ../src/configure -v --with-pkgversion='Ubuntu 4.8.4-2ubuntu1~14.04' --with-bugurl=file:///usr/share/doc/gcc-4.8/README.Bugs --enable-languages=c,c++,java,go,d,fortran,objc,obj-c++ --prefix=/usr --program-suffix=-4.8 --enable-shared --enable-linker-build-id --libexecdir=/usr/lib --without-included-gettext --enable-threads=posix --with-gxx-include-dir=/usr/include/c++/4.8 --libdir=/usr/lib --enable-nls --with-sysroot=/ --enable-clocale=gnu --enable-libstdcxx-debug --enable-libstdcxx-time=yes --enable-gnu-unique-object --disable-libmudflap --enable-plugin --with-system-zlib --disable-browser-plugin --enable-java-awt=gtk --enable-gtk-cairo --with-java-home=/usr/lib/jvm/java-1.5.0-gcj-4.8-amd64/jre --enable-java-home --with-jvm-root-dir=/usr/lib/jvm/java-1.5.0-gcj-4.8-amd64 --with-jvm-jar-dir=/usr/lib/jvm-exports/java-1.5.0-gcj-4.8-amd64 --with-arch-directory=amd64 --with-ecj-jar=/usr/share/java/eclipse-ecj.jar --enable-objc-gc --enable-multiarch --disable-werror --with-arch-32=i686 --with-abi=m64 --with-multilib-list=m32,m64,mx32 --with-tune=generic --enable-checking=release --build=x86_64-linux-gnu --host=x86_64-linux-gnu --target=x86_64-linux-gnu
Thread model: posix
gcc version 4.8.4 (Ubuntu 4.8.4-2ubuntu1~14.04) 
configure:3902: $? = 0
configure:3891: gcc -V >&5
gcc: error: unrecognized command line option '-V'
gcc: fatal error: no input files
compilation terminated.
configure:3902: $? = 4
configure:3891: gcc -qversion >&5
gcc: error: unrecognized command line option '-qversion'
gcc: fatal error: no input files
compilation terminated.
configure:3902: $? = 4
configure:3906: checking whether we are using the GNU C compiler
configure:3925: gcc -c   conftest.c >&5
configure:3925: $? = 0
configure:3934: result: yes
configure:3943: checking whether gcc accepts -g
configure:3963: gcc -c -g  conftest.c >&5
configure:3963: $? = 0
configure:4004: result: yes
configure:4021: checking for gcc option to accept ISO C89
configure:4084: gcc  -c -g -O2  conftest.c >&5
configure:4084: $? = 0
configure:4097: result: none needed
configure:4122: checking whether gcc understands -c and -o together
configure:4144: gcc -c conftest.c -o conftest2.o
configure:4147: $? = 0
configure:4144: gcc -c conftest.c -o conftest2.o
configure:4147: $? = 0
configure:4159: result: yes
configure:4178: checking dependency style of gcc
configure:4289: result: gcc3
configure:4304: checking whether ln -s works
configure:4308: result: yes
configure:4315: checking whether make sets $(MAKE)
configure:4337: result: yes
configure:4389: checking for ranlib
configure:4405: found /usr/bin/ranlib
configure:4416: result: ranlib
configure:4510: checking for /home/laboinfo/benkheder/alize/ALIZE_3.0//lib/libalize_Linux_x86_64.a
configure:4524: result: yes
configure:4531: checking for /home/laboinfo/benkheder/alize/ALIZE_3.0//lib/libalize.a
configure:4545: result: no
configure:4578: checking how to run the C preprocessor
configure:4609: gcc -E  conftest.c
configure:4609: $? = 0
configure:4623: gcc -E  conftest.c
conftest.c:11:28: fatal error: ac_nonexistent.h: No such file or directory
 #include <ac_nonexistent.h>
                            ^
compilation terminated.
configure:4623: $? = 1
configure: failed program was:
| /* confdefs.h */
| #define PACKAGE_NAME "LIA_RAL"
| #define PACKAGE_TARNAME "lia_ral"
| #define PACKAGE_VERSION "3.0"
| #define PACKAGE_STRING "LIA_RAL 3.0"
| #define PACKAGE_BUGREPORT "dev-alize@listes.univ-avignon.fr"
| #define PACKAGE_URL ""
| #define PACKAGE "LIA_RAL"
| #define VERSION "3.0"
| /* end confdefs.h.  */
| #include <ac_nonexistent.h>
configure:4648: result: gcc -E
configure:4668: gcc -E  conftest.c
configure:4668: $? = 0
configure:4682: gcc -E  conftest.c
conftest.c:11:28: fatal error: ac_nonexistent.h: No such file or directory
 #include <ac_nonexistent.h>
                            ^
compilation terminated.
configure:4682: $? = 1
configure: failed program was:
| /* confdefs.h */
| #define PACKAGE_NAME "LIA_RAL"
| #define PACKAGE_TARNAME "lia_ral"
| #define PACKAGE_VERSION "3.0"
| #define PACKAGE_STRING "LIA_RAL 3.0"
| #define PACKAGE_BUGREPORT "dev-alize@listes.univ-avignon.fr"
| #define PACKAGE_URL ""
| #define PACKAGE "LIA_RAL"
| #define VERSION "3.0"
| /* end confdefs.h.  */
| #include <ac_nonexistent.h>
configure:4711: checking for grep that handles long lines and -e
configure:4769: result: /bin/grep
configure:4774: checking for egrep
configure:4836: result: /bin/grep -E
configure:4841: checking for ANSI C header files
configure:4861: gcc -c -g -O2  conftest.c >&5
configure:4861: $? = 0
configure:4934: gcc -o conftest -g -O2   conftest.c  >&5
configure:4934: $? = 0
configure:4934: ./conftest
configure:4934: $? = 0
configure:4945: result: yes
configure:4958: checking for sys/types.h
configure:4958: gcc -c -g -O2  conftest.c >&5
configure:4958: $? = 0
configure:4958: result: yes
configure:4958: checking for sys/stat.h
configure:4958: gcc -c -g -O2  conftest.c >&5
configure:4958: $? = 0
configure:4958: result: yes
configure:4958: checking for stdlib.h
configure:4958: gcc -c -g -O2  conftest.c >&5
configure:4958: $? = 0
configure:4958: result: yes
configure:4958: checking for string.h
configure:4958: gcc -c -g -O2  conftest.c >&5
configure:4958: $? = 0
configure:4958: result: yes
configure:4958: checking for memory.h
configure:4958: gcc -c -g -O2  conftest.c >&5
configure:4958: $? = 0
configure:4958: result: yes
configure:4958: checking for strings.h
configure:4958: gcc -c -g -O2  conftest.c >&5
configure:4958: $? = 0
configure:4958: result: yes
configure:4958: checking for inttypes.h
configure:4958: gcc -c -g -O2  conftest.c >&5
configure:4958: $? = 0
configure:4958: result: yes
configure:4958: checking for stdint.h
configure:4958: gcc -c -g -O2  conftest.c >&5
configure:4958: $? = 0
configure:4958: result: yes
configure:4958: checking for unistd.h
configure:4958: gcc -c -g -O2  conftest.c >&5
configure:4958: $? = 0
configure:4958: result: yes
configure:4973: checking fcntl.h usability
configure:4973: gcc -c -g -O2  conftest.c >&5
configure:4973: $? = 0
configure:4973: result: yes
configure:4973: checking fcntl.h presence
configure:4973: gcc -E  conftest.c
configure:4973: $? = 0
configure:4973: result: yes
configure:4973: checking for fcntl.h
configure:4973: result: yes
configure:4973: checking float.h usability
configure:4973: gcc -c -g -O2  conftest.c >&5
configure:4973: $? = 0
configure:4973: result: yes
configure:4973: checking float.h presence
configure:4973: gcc -E  conftest.c
configure:4973: $? = 0
configure:4973: result: yes
configure:4973: checking for float.h
configure:4973: result: yes
configure:4973: checking netinet/in.h usability
configure:4973: gcc -c -g -O2  conftest.c >&5
configure:4973: $? = 0
configure:4973: result: yes
configure:4973: checking netinet/in.h presence
configure:4973: gcc -E  conftest.c
configure:4973: $? = 0
configure:4973: result: yes
configure:4973: checking for netinet/in.h
configure:4973: result: yes
configure:4973: checking for stdlib.h
configure:4973: result: yes
configure:4973: checking for string.h
configure:4973: result: yes
configure:4973: checking for strings.h
configure:4973: result: yes
configure:4973: checking sys/time.h usability
configure:4973: gcc -c -g -O2  conftest.c >&5
configure:4973: $? = 0
configure:4973: result: yes
configure:4973: checking sys/time.h presence
configure:4973: gcc -E  conftest.c
configure:4973: $? = 0
configure:4973: result: yes
configure:4973: checking for sys/time.h
configure:4973: result: yes
configure:4973: checking for unistd.h
configure:4973: result: yes
configure:4985: checking for stdbool.h that conforms to C99
configure:5052: gcc -c -g -O2  conftest.c >&5
configure:5052: $? = 0
configure:5059: result: yes
configure:5061: checking for _Bool
configure:5061: gcc -c -g -O2  conftest.c >&5
configure:5061: $? = 0
configure:5061: gcc -c -g -O2  conftest.c >&5
conftest.c: In function 'main':
conftest.c:65:20: error: expected expression before ')' token
 if (sizeof ((_Bool)))
                    ^
configure:5061: $? = 1
configure: failed program was:
| /* confdefs.h */
| #define PACKAGE_NAME "LIA_RAL"
| #define PACKAGE_TARNAME "lia_ral"
| #define PACKAGE_VERSION "3.0"
| #define PACKAGE_STRING "LIA_RAL 3.0"
| #define PACKAGE_BUGREPORT "dev-alize@listes.univ-avignon.fr"
| #define PACKAGE_URL ""
| #define PACKAGE "LIA_RAL"
| #define VERSION "3.0"
| #define STDC_HEADERS 1
| #define HAVE_SYS_TYPES_H 1
| #define HAVE_SYS_STAT_H 1
| #define HAVE_STDLIB_H 1
| #define HAVE_STRING_H 1
| #define HAVE_MEMORY_H 1
| #define HAVE_STRINGS_H 1
| #define HAVE_INTTYPES_H 1
| #define HAVE_STDINT_H 1
| #define HAVE_UNISTD_H 1
| #define HAVE_FCNTL_H 1
| #define HAVE_FLOAT_H 1
| #define HAVE_NETINET_IN_H 1
| #define HAVE_STDLIB_H 1
| #define HAVE_STRING_H 1
| #define HAVE_STRINGS_H 1
| #define HAVE_SYS_TIME_H 1
| #define HAVE_UNISTD_H 1
| /* end confdefs.h.  */
| #include <stdio.h>
| #ifdef HAVE_SYS_TYPES_H
| # include <sys/types.h>
| #endif
| #ifdef HAVE_SYS_STAT_H
| # include <sys/stat.h>
| #endif
| #ifdef STDC_HEADERS
| # include <stdlib.h>
| # include <stddef.h>
| #else
| # ifdef HAVE_STDLIB_H
| #  include <stdlib.h>
| # endif
| #endif
| #ifdef HAVE_STRING_H
| # if !defined STDC_HEADERS && defined HAVE_MEMORY_H
| #  include <memory.h>
| # endif
| # include <string.h>
| #endif
| #ifdef HAVE_STRINGS_H
| # include <strings.h>
| #endif
| #ifdef HAVE_INTTYPES_H
| # include <inttypes.h>
| #endif
| #ifdef HAVE_STDINT_H
| # include <stdint.h>
| #endif
| #ifdef HAVE_UNISTD_H
| # include <unistd.h>
| #endif
| int
| main ()
| {
| if (sizeof ((_Bool)))
| 	    return 0;
|   ;
|   return 0;
| }
configure:5061: result: yes
configure:5078: checking for an ANSI C-conforming const
configure:5144: gcc -c -g -O2  conftest.c >&5
configure:5144: $? = 0
configure:5151: result: yes
configure:5159: checking for inline
configure:5175: gcc -c -g -O2  conftest.c >&5
configure:5175: $? = 0
configure:5183: result: inline
configure:5201: checking for working volatile
configure:5220: gcc -c -g -O2  conftest.c >&5
configure:5220: $? = 0
configure:5227: result: yes
configure:5239: checking for stdlib.h
configure:5239: result: yes
configure:5249: checking for GNU libc compatible malloc
configure:5273: gcc -o conftest -g -O2   conftest.c  >&5
configure:5273: $? = 0
configure:5273: ./conftest
configure:5273: $? = 0
configure:5283: result: yes
configure:5306: checking for stdlib.h
configure:5306: result: yes
configure:5316: checking for GNU libc compatible realloc
configure:5340: gcc -o conftest -g -O2   conftest.c  >&5
configure:5340: $? = 0
configure:5340: ./conftest
configure:5340: $? = 0
configure:5350: result: yes
configure:5371: checking whether lstat correctly handles trailing slash
configure:5397: gcc -o conftest -g -O2   conftest.c  >&5
configure:5397: $? = 0
configure:5397: ./conftest
configure:5397: $? = 0
configure:5414: result: yes
configure:5433: checking whether stat accepts an empty string
configure:5453: gcc -o conftest -g -O2   conftest.c  >&5
configure:5453: $? = 0
configure:5453: ./conftest
configure:5453: $? = 0
configure:5463: result: no
configure:5481: checking for vprintf
configure:5481: gcc -o conftest -g -O2   conftest.c  >&5
conftest.c:59:6: warning: conflicting types for built-in function 'vprintf' [enabled by default]
 char vprintf ();
      ^
configure:5481: $? = 0
configure:5481: result: yes
configure:5487: checking for _doprnt
configure:5487: gcc -o conftest -g -O2   conftest.c  >&5
/tmp/cc7gEWd4.o: In function `main':
/home/laboinfo/benkheder/alize/LIA_RAL_3.0/conftest.c:71: undefined reference to `_doprnt'
collect2: error: ld returned 1 exit status
configure:5487: $? = 1
configure: failed program was:
| /* confdefs.h */
| #define PACKAGE_NAME "LIA_RAL"
| #define PACKAGE_TARNAME "lia_ral"
| #define PACKAGE_VERSION "3.0"
| #define PACKAGE_STRING "LIA_RAL 3.0"
| #define PACKAGE_BUGREPORT "dev-alize@listes.univ-avignon.fr"
| #define PACKAGE_URL ""
| #define PACKAGE "LIA_RAL"
| #define VERSION "3.0"
| #define STDC_HEADERS 1
| #define HAVE_SYS_TYPES_H 1
| #define HAVE_SYS_STAT_H 1
| #define HAVE_STDLIB_H 1
| #define HAVE_STRING_H 1
| #define HAVE_MEMORY_H 1
| #define HAVE_STRINGS_H 1
| #define HAVE_INTTYPES_H 1
| #define HAVE_STDINT_H 1
| #define HAVE_UNISTD_H 1
| #define HAVE_FCNTL_H 1
| #define HAVE_FLOAT_H 1
| #define HAVE_NETINET_IN_H 1
| #define HAVE_STDLIB_H 1
| #define HAVE_STRING_H 1
| #define HAVE_STRINGS_H 1
| #define HAVE_SYS_TIME_H 1
| #define HAVE_UNISTD_H 1
| #define HAVE__BOOL 1
| #define HAVE_STDBOOL_H 1
| #define HAVE_STDLIB_H 1
| #define HAVE_MALLOC 1
| #define HAVE_STDLIB_H 1
| #define HAVE_REALLOC 1
| #define LSTAT_FOLLOWS_SLASHED_SYMLINK 1
| #define HAVE_VPRINTF 1
| /* end confdefs.h.  */
| /* Define _doprnt to an innocuous variant, in case <limits.h> declares _doprnt.
|    For example, HP-UX 11i <limits.h> declares gettimeofday.  */
| #define _doprnt innocuous__doprnt
| 
| /* System header to define __stub macros and hopefully few prototypes,
|     which can conflict with char _doprnt (); below.
|     Prefer <limits.h> to <assert.h> if __STDC__ is defined, since
|     <limits.h> exists even on freestanding compilers.  */
| 
| #ifdef __STDC__
| # include <limits.h>
| #else
| # include <assert.h>
| #endif
| 
| #undef _doprnt
| 
| /* Override any GCC internal prototype to avoid an error.
|    Use char because int might match the return type of a GCC
|    builtin and then its argument prototype would still apply.  */
| #ifdef __cplusplus
| extern "C"
| #endif
| char _doprnt ();
| /* The GNU C library defines this for functions which it implements
|     to always fail with ENOSYS.  Some functions are actually named
|     something starting with __ and the normal name is an alias.  */
| #if defined __stub__doprnt || defined __stub____doprnt
| choke me
| #endif
| 
| int
| main ()
| {
| return _doprnt ();
|   ;
|   return 0;
| }
configure:5487: result: no
configure:5501: checking for floor
configure:5501: gcc -o conftest -g -O2   conftest.c  >&5
conftest.c:60:6: warning: conflicting types for built-in function 'floor' [enabled by default]
 char floor ();
      ^
/tmp/ccJrNmu8.o: In function `main':
/home/laboinfo/benkheder/alize/LIA_RAL_3.0/conftest.c:71: undefined reference to `floor'
collect2: error: ld returned 1 exit status
configure:5501: $? = 1
configure: failed program was:
| /* confdefs.h */
| #define PACKAGE_NAME "LIA_RAL"
| #define PACKAGE_TARNAME "lia_ral"
| #define PACKAGE_VERSION "3.0"
| #define PACKAGE_STRING "LIA_RAL 3.0"
| #define PACKAGE_BUGREPORT "dev-alize@listes.univ-avignon.fr"
| #define PACKAGE_URL ""
| #define PACKAGE "LIA_RAL"
| #define VERSION "3.0"
| #define STDC_HEADERS 1
| #define HAVE_SYS_TYPES_H 1
| #define HAVE_SYS_STAT_H 1
| #define HAVE_STDLIB_H 1
| #define HAVE_STRING_H 1
| #define HAVE_MEMORY_H 1
| #define HAVE_STRINGS_H 1
| #define HAVE_INTTYPES_H 1
| #define HAVE_STDINT_H 1
| #define HAVE_UNISTD_H 1
| #define HAVE_FCNTL_H 1
| #define HAVE_FLOAT_H 1
| #define HAVE_NETINET_IN_H 1
| #define HAVE_STDLIB_H 1
| #define HAVE_STRING_H 1
| #define HAVE_STRINGS_H 1
| #define HAVE_SYS_TIME_H 1
| #define HAVE_UNISTD_H 1
| #define HAVE__BOOL 1
| #define HAVE_STDBOOL_H 1
| #define HAVE_STDLIB_H 1
| #define HAVE_MALLOC 1
| #define HAVE_STDLIB_H 1
| #define HAVE_REALLOC 1
| #define LSTAT_FOLLOWS_SLASHED_SYMLINK 1
| #define HAVE_VPRINTF 1
| /* end confdefs.h.  */
| /* Define floor to an innocuous variant, in case <limits.h> declares floor.
|    For example, HP-UX 11i <limits.h> declares gettimeofday.  */
| #define floor innocuous_floor
| 
| /* System header to define __stub macros and hopefully few prototypes,
|     which can conflict with char floor (); below.
|     Prefer <limits.h> to <assert.h> if __STDC__ is defined, since
|     <limits.h> exists even on freestanding compilers.  */
| 
| #ifdef __STDC__
| # include <limits.h>
| #else
| # include <assert.h>
| #endif
| 
| #undef floor
| 
| /* Override any GCC internal prototype to avoid an error.
|    Use char because int might match the return type of a GCC
|    builtin and then its argument prototype would still apply.  */
| #ifdef __cplusplus
| extern "C"
| #endif
| char floor ();
| /* The GNU C library defines this for functions which it implements
|     to always fail with ENOSYS.  Some functions are actually named
|     something starting with __ and the normal name is an alias.  */
| #if defined __stub_floor || defined __stub___floor
| choke me
| #endif
| 
| int
| main ()
| {
| return floor ();
|   ;
|   return 0;
| }
configure:5501: result: no
configure:5501: checking for memmove
configure:5501: gcc -o conftest -g -O2   conftest.c  >&5
conftest.c:60:6: warning: conflicting types for built-in function 'memmove' [enabled by default]
 char memmove ();
      ^
configure:5501: $? = 0
configure:5501: result: yes
configure:5501: checking for memset
configure:5501: gcc -o conftest -g -O2   conftest.c  >&5
conftest.c:61:6: warning: conflicting types for built-in function 'memset' [enabled by default]
 char memset ();
      ^
configure:5501: $? = 0
configure:5501: result: yes
configure:5501: checking for pow
configure:5501: gcc -o conftest -g -O2   conftest.c  >&5
conftest.c:62:6: warning: conflicting types for built-in function 'pow' [enabled by default]
 char pow ();
      ^
/tmp/ccThH5Bo.o: In function `main':
/home/laboinfo/benkheder/alize/LIA_RAL_3.0/conftest.c:73: undefined reference to `pow'
collect2: error: ld returned 1 exit status
configure:5501: $? = 1
configure: failed program was:
| /* confdefs.h */
| #define PACKAGE_NAME "LIA_RAL"
| #define PACKAGE_TARNAME "lia_ral"
| #define PACKAGE_VERSION "3.0"
| #define PACKAGE_STRING "LIA_RAL 3.0"
| #define PACKAGE_BUGREPORT "dev-alize@listes.univ-avignon.fr"
| #define PACKAGE_URL ""
| #define PACKAGE "LIA_RAL"
| #define VERSION "3.0"
| #define STDC_HEADERS 1
| #define HAVE_SYS_TYPES_H 1
| #define HAVE_SYS_STAT_H 1
| #define HAVE_STDLIB_H 1
| #define HAVE_STRING_H 1
| #define HAVE_MEMORY_H 1
| #define HAVE_STRINGS_H 1
| #define HAVE_INTTYPES_H 1
| #define HAVE_STDINT_H 1
| #define HAVE_UNISTD_H 1
| #define HAVE_FCNTL_H 1
| #define HAVE_FLOAT_H 1
| #define HAVE_NETINET_IN_H 1
| #define HAVE_STDLIB_H 1
| #define HAVE_STRING_H 1
| #define HAVE_STRINGS_H 1
| #define HAVE_SYS_TIME_H 1
| #define HAVE_UNISTD_H 1
| #define HAVE__BOOL 1
| #define HAVE_STDBOOL_H 1
| #define HAVE_STDLIB_H 1
| #define HAVE_MALLOC 1
| #define HAVE_STDLIB_H 1
| #define HAVE_REALLOC 1
| #define LSTAT_FOLLOWS_SLASHED_SYMLINK 1
| #define HAVE_VPRINTF 1
| #define HAVE_MEMMOVE 1
| #define HAVE_MEMSET 1
| /* end confdefs.h.  */
| /* Define pow to an innocuous variant, in case <limits.h> declares pow.
|    For example, HP-UX 11i <limits.h> declares gettimeofday.  */
| #define pow innocuous_pow
| 
| /* System header to define __stub macros and hopefully few prototypes,
|     which can conflict with char pow (); below.
|     Prefer <limits.h> to <assert.h> if __STDC__ is defined, since
|     <limits.h> exists even on freestanding compilers.  */
| 
| #ifdef __STDC__
| # include <limits.h>
| #else
| # include <assert.h>
| #endif
| 
| #undef pow
| 
| /* Override any GCC internal prototype to avoid an error.
|    Use char because int might match the return type of a GCC
|    builtin and then its argument prototype would still apply.  */
| #ifdef __cplusplus
| extern "C"
| #endif
| char pow ();
| /* The GNU C library defines this for functions which it implements
|     to always fail with ENOSYS.  Some functions are actually named
|     something starting with __ and the normal name is an alias.  */
| #if defined __stub_pow || defined __stub___pow
| choke me
| #endif
| 
| int
| main ()
| {
| return pow ();
|   ;
|   return 0;
| }
configure:5501: result: no
configure:5501: checking for sqrt
configure:5501: gcc -o conftest -g -O2   conftest.c  >&5
conftest.c:62:6: warning: conflicting types for built-in function 'sqrt' [enabled by default]
 char sqrt ();
      ^
/tmp/ccdTiqHq.o: In function `main':
/home/laboinfo/benkheder/alize/LIA_RAL_3.0/conftest.c:73: undefined reference to `sqrt'
collect2: error: ld returned 1 exit status
configure:5501: $? = 1
configure: failed program was:
| /* confdefs.h */
| #define PACKAGE_NAME "LIA_RAL"
| #define PACKAGE_TARNAME "lia_ral"
| #define PACKAGE_VERSION "3.0"
| #define PACKAGE_STRING "LIA_RAL 3.0"
| #define PACKAGE_BUGREPORT "dev-alize@listes.univ-avignon.fr"
| #define PACKAGE_URL ""
| #define PACKAGE "LIA_RAL"
| #define VERSION "3.0"
| #define STDC_HEADERS 1
| #define HAVE_SYS_TYPES_H 1
| #define HAVE_SYS_STAT_H 1
| #define HAVE_STDLIB_H 1
| #define HAVE_STRING_H 1
| #define HAVE_MEMORY_H 1
| #define HAVE_STRINGS_H 1
| #define HAVE_INTTYPES_H 1
| #define HAVE_STDINT_H 1
| #define HAVE_UNISTD_H 1
| #define HAVE_FCNTL_H 1
| #define HAVE_FLOAT_H 1
| #define HAVE_NETINET_IN_H 1
| #define HAVE_STDLIB_H 1
| #define HAVE_STRING_H 1
| #define HAVE_STRINGS_H 1
| #define HAVE_SYS_TIME_H 1
| #define HAVE_UNISTD_H 1
| #define HAVE__BOOL 1
| #define HAVE_STDBOOL_H 1
| #define HAVE_STDLIB_H 1
| #define HAVE_MALLOC 1
| #define HAVE_STDLIB_H 1
| #define HAVE_REALLOC 1
| #define LSTAT_FOLLOWS_SLASHED_SYMLINK 1
| #define HAVE_VPRINTF 1
| #define HAVE_MEMMOVE 1
| #define HAVE_MEMSET 1
| /* end confdefs.h.  */
| /* Define sqrt to an innocuous variant, in case <limits.h> declares sqrt.
|    For example, HP-UX 11i <limits.h> declares gettimeofday.  */
| #define sqrt innocuous_sqrt
| 
| /* System header to define __stub macros and hopefully few prototypes,
|     which can conflict with char sqrt (); below.
|     Prefer <limits.h> to <assert.h> if __STDC__ is defined, since
|     <limits.h> exists even on freestanding compilers.  */
| 
| #ifdef __STDC__
| # include <limits.h>
| #else
| # include <assert.h>
| #endif
| 
| #undef sqrt
| 
| /* Override any GCC internal prototype to avoid an error.
|    Use char because int might match the return type of a GCC
|    builtin and then its argument prototype would still apply.  */
| #ifdef __cplusplus
| extern "C"
| #endif
| char sqrt ();
| /* The GNU C library defines this for functions which it implements
|     to always fail with ENOSYS.  Some functions are actually named
|     something starting with __ and the normal name is an alias.  */
| #if defined __stub_sqrt || defined __stub___sqrt
| choke me
| #endif
| 
| int
| main ()
| {
| return sqrt ();
|   ;
|   return 0;
| }
configure:5501: result: no
configure:5501: checking for strcasecmp
configure:5501: gcc -o conftest -g -O2   conftest.c  >&5
conftest.c:62:6: warning: conflicting types for built-in function 'strcasecmp' [enabled by default]
 char strcasecmp ();
      ^
configure:5501: $? = 0
configure:5501: result: yes
configure:5501: checking for strdup
configure:5501: gcc -o conftest -g -O2   conftest.c  >&5
conftest.c:63:6: warning: conflicting types for built-in function 'strdup' [enabled by default]
 char strdup ();
      ^
configure:5501: $? = 0
configure:5501: result: yes
configure:5658: checking that generated files are newer than configure
configure:5664: result: done
configure:5691: creating ./config.status

## ---------------------- ##
## Running config.status. ##
## ---------------------- ##

This file was extended by LIA_RAL config.status 3.0, which was
generated by GNU Autoconf 2.69.  Invocation command line was

  CONFIG_FILES    = 
  CONFIG_HEADERS  = 
  CONFIG_LINKS    = 
  CONFIG_COMMANDS = 
  $ ./config.status 

on Galactica

config.status:873: creating LIA_SpkTools/Makefile
config.status:873: creating LIA_SpkTools/src/Makefile
config.status:873: creating LIA_SpkDet/Makefile
config.status:873: creating LIA_SpkDet/TrainWorld/Makefile
config.status:873: creating LIA_SpkDet/TrainWorld/src/Makefile
config.status:873: creating LIA_SpkDet/ComputeJFAStats/Makefile
config.status:873: creating LIA_SpkDet/ComputeJFAStats/src/Makefile
config.status:873: creating LIA_SpkDet/ComputeNorm/Makefile
config.status:873: creating LIA_SpkDet/ComputeNorm/src/Makefile
config.status:873: creating LIA_SpkDet/ComputeTest/Makefile
config.status:873: creating LIA_SpkDet/ComputeTest/src/Makefile
config.status:873: creating LIA_SpkDet/CovIntra/Makefile
config.status:873: creating LIA_SpkDet/CovIntra/src/Makefile
config.status:873: creating LIA_SpkDet/CovIntra/src/SVDLIBC/Makefile
config.status:873: creating LIA_SpkDet/EigenChannel/Makefile
config.status:873: creating LIA_SpkDet/EigenChannel/src/Makefile
config.status:873: creating LIA_SpkDet/EigenVoice/Makefile
config.status:873: creating LIA_SpkDet/EigenVoice/src/Makefile
config.status:873: creating LIA_SpkDet/EstimateDMatrix/Makefile
config.status:873: creating LIA_SpkDet/EstimateDMatrix/src/Makefile
config.status:873: creating LIA_SpkDet/EnergyDetector/Makefile
config.status:873: creating LIA_SpkDet/EnergyDetector/src/Makefile
config.status:873: creating LIA_SpkDet/IvExtractor/Makefile
config.status:873: creating LIA_SpkDet/IvExtractor/src/Makefile
config.status:873: creating LIA_SpkDet/IvNorm/Makefile
config.status:873: creating LIA_SpkDet/IvNorm/src/Makefile
config.status:873: creating LIA_SpkDet/IvTest/Makefile
config.status:873: creating LIA_SpkDet/IvTest/src/Makefile
config.status:873: creating LIA_SpkDet/NormFeat/Makefile
config.status:873: creating LIA_SpkDet/NormFeat/src/Makefile
config.status:873: creating LIA_SpkDet/NormFeatWindowMode/Makefile
config.status:873: creating LIA_SpkDet/NormFeatWindowMode/src/Makefile
config.status:873: creating LIA_SpkDet/PLDA/Makefile
config.status:873: creating LIA_SpkDet/PLDA/src/Makefile
config.status:873: creating LIA_SpkDet/ShiftedDeltaFeat/Makefile
config.status:873: creating LIA_SpkDet/ShiftedDeltaFeat/src/Makefile
config.status:873: creating LIA_SpkDet/SpkAdapt/Makefile
config.status:873: creating LIA_SpkDet/SpkAdapt/src/Makefile
config.status:873: creating LIA_SpkDet/TotalVariability/Makefile
config.status:873: creating LIA_SpkDet/TotalVariability/src/Makefile
config.status:873: creating LIA_SpkDet/TrainTarget/Makefile
config.status:873: creating LIA_SpkDet/TrainTarget/src/Makefile
config.status:873: creating LIA_Utils/Makefile
config.status:873: creating LIA_Utils/ExtractParams/Makefile
config.status:873: creating LIA_Utils/ExtractParams/src/Makefile
config.status:873: creating LIA_Utils/FusionScore/Makefile
config.status:873: creating LIA_Utils/FusionScore/src/Makefile
config.status:873: creating LIA_Utils/Hist/Makefile
config.status:873: creating LIA_Utils/Hist/src/Makefile
config.status:873: creating LIA_Utils/LabelFusion/Makefile
config.status:873: creating LIA_Utils/LabelFusion/src/Makefile
config.status:873: creating LIA_Utils/NAPSV/Makefile
config.status:873: creating LIA_Utils/NAPSV/src/Makefile
config.status:873: creating LIA_Utils/PolyExp/Makefile
config.status:873: creating LIA_Utils/PolyExp/src/Makefile
config.status:873: creating LIA_Utils/ReadFeatFile/Makefile
config.status:873: creating LIA_Utils/ReadFeatFile/src/Makefile
config.status:873: creating LIA_Utils/ReadModel/Makefile
config.status:873: creating LIA_Utils/ReadModel/src/Makefile
config.status:873: creating LIA_Utils/ScoreWarp/Makefile
config.status:873: creating LIA_Utils/ScoreWarp/src/Makefile
config.status:873: creating LIA_Utils/Scoring/Makefile
config.status:873: creating LIA_Utils/Scoring/src/Makefile
config.status:873: creating LIA_Utils/Svm/Makefile
config.status:873: creating LIA_Utils/Svm/src/Makefile
config.status:873: creating LIA_Utils/TimeCluster/Makefile
config.status:873: creating LIA_Utils/TimeCluster/src/Makefile
config.status:873: creating LIA_Utils/ModelToSv/Makefile
config.status:873: creating LIA_Utils/ModelToSv/src/Makefile
config.status:873: creating LIA_SpkSeg/Makefile
config.status:873: creating LIA_SpkSeg/AcousticSegmentation/Makefile
config.status:873: creating LIA_SpkSeg/AcousticSegmentation/src/Makefile
config.status:873: creating LIA_SpkSeg/ReSegmentation/Makefile
config.status:873: creating LIA_SpkSeg/ReSegmentation/src/Makefile
config.status:873: creating LIA_SpkSeg/Segmentation/Makefile
config.status:873: creating LIA_SpkSeg/Segmentation/src/Makefile
config.status:873: creating LIA_SpkSeg/TurnDetection/Makefile
config.status:873: creating LIA_SpkSeg/TurnDetection/src/Makefile
config.status:873: creating Makefile
config.status:1045: executing depfiles commands

## ---------------- ##
## Cache variables. ##
## ---------------- ##

ac_cv_c_compiler_gnu=yes
ac_cv_c_const=yes
ac_cv_c_inline=inline
ac_cv_c_volatile=yes
ac_cv_cxx_compiler_gnu=yes
ac_cv_env_CCC_set=
ac_cv_env_CCC_value=
ac_cv_env_CC_set=
ac_cv_env_CC_value=
ac_cv_env_CFLAGS_set=
ac_cv_env_CFLAGS_value=
ac_cv_env_CPPFLAGS_set=
ac_cv_env_CPPFLAGS_value=
ac_cv_env_CPP_set=
ac_cv_env_CPP_value=
ac_cv_env_CXXFLAGS_set=
ac_cv_env_CXXFLAGS_value=
ac_cv_env_CXX_set=
ac_cv_env_CXX_value=
ac_cv_env_LDFLAGS_set=
ac_cv_env_LDFLAGS_value=
ac_cv_env_LIBS_set=
ac_cv_env_LIBS_value=
ac_cv_env_build_alias_set=
ac_cv_env_build_alias_value=
ac_cv_env_host_alias_set=
ac_cv_env_host_alias_value=
ac_cv_env_target_alias_set=
ac_cv_env_target_alias_value=
ac_cv_file__home_laboinfo_benkheder_alize_ALIZE_3_0__lib_libalize_Linux_x86_64_a=yes
ac_cv_file__home_laboinfo_benkheder_alize_ALIZE_3_0__lib_libalize_a=no
ac_cv_func__doprnt=no
ac_cv_func_floor=no
ac_cv_func_lstat_dereferences_slashed_symlink=yes
ac_cv_func_malloc_0_nonnull=yes
ac_cv_func_memmove=yes
ac_cv_func_memset=yes
ac_cv_func_pow=no
ac_cv_func_realloc_0_nonnull=yes
ac_cv_func_sqrt=no
ac_cv_func_stat_empty_string_bug=no
ac_cv_func_strcasecmp=yes
ac_cv_func_strdup=yes
ac_cv_func_vprintf=yes
ac_cv_header_fcntl_h=yes
ac_cv_header_float_h=yes
ac_cv_header_inttypes_h=yes
ac_cv_header_memory_h=yes
ac_cv_header_netinet_in_h=yes
ac_cv_header_stdbool_h=yes
ac_cv_header_stdc=yes
ac_cv_header_stdint_h=yes
ac_cv_header_stdlib_h=yes
ac_cv_header_string_h=yes
ac_cv_header_strings_h=yes
ac_cv_header_sys_stat_h=yes
ac_cv_header_sys_time_h=yes
ac_cv_header_sys_types_h=yes
ac_cv_header_unistd_h=yes
ac_cv_objext=o
ac_cv_path_EGREP='/bin/grep -E'
ac_cv_path_GREP=/bin/grep
ac_cv_path_install='/usr/bin/install -c'
ac_cv_path_mkdir=/bin/mkdir
ac_cv_prog_AWK=gawk
ac_cv_prog_CPP='gcc -E'
ac_cv_prog_ac_ct_CC=gcc
ac_cv_prog_ac_ct_CXX=g++
ac_cv_prog_ac_ct_RANLIB=ranlib
ac_cv_prog_cc_c89=
ac_cv_prog_cc_g=yes
ac_cv_prog_cxx_g=yes
ac_cv_prog_make_make_set=yes
ac_cv_type__Bool=yes
am_cv_CC_dependencies_compiler_type=gcc3
am_cv_CXX_dependencies_compiler_type=gcc3
am_cv_make_support_nested_variables=yes
am_cv_prog_cc_c_o=yes

## ----------------- ##
## Output variables. ##
## ----------------- ##

ACLOCAL='aclocal-1.14'
ALIZE_PATH='/home/laboinfo/benkheder/alize/ALIZE_3.0/'
AMDEPBACKSLASH='\'
AMDEP_FALSE='#'
AMDEP_TRUE=''
AMTAR='$${TAR-tar}'
AM_BACKSLASH='\'
AM_DEFAULT_V='$(AM_DEFAULT_VERBOSITY)'
AM_DEFAULT_VERBOSITY='1'
AM_V='$(V)'
ARCH='x86_64'
AUTOCONF='autoconf'
AUTOHEADER='autoheader'
AUTOMAKE='automake-1.14'
AWK='gawk'
CC='gcc'
CCDEPMODE='depmode=gcc3'
CFLAGS='-g -O2'
CPP='gcc -E'
CPPFLAGS=''
CXX='g++'
CXXDEPMODE='depmode=gcc3'
CXXFLAGS='-O3 -ffast-math -DTHREAD'
CYGPATH_W='echo'
DEBUG=''
DEFS='-DPACKAGE_NAME=\"LIA_RAL\" -DPACKAGE_TARNAME=\"lia_ral\" -DPACKAGE_VERSION=\"3.0\" -DPACKAGE_STRING=\"LIA_RAL\ 3.0\" -DPACKAGE_BUGREPORT=\"dev-alize@listes.univ-avignon.fr\" -DPACKAGE_URL=\"\" -DPACKAGE=\"LIA_RAL\" -DVERSION=\"3.0\" -DSTDC_HEADERS=1 -DHAVE_SYS_TYPES_H=1 -DHAVE_SYS_STAT_H=1 -DHAVE_STDLIB_H=1 -DHAVE_STRING_H=1 -DHAVE_MEMORY_H=1 -DHAVE_STRINGS_H=1 -DHAVE_INTTYPES_H=1 -DHAVE_STDINT_H=1 -DHAVE_UNISTD_H=1 -DHAVE_FCNTL_H=1 -DHAVE_FLOAT_H=1 -DHAVE_NETINET_IN_H=1 -DHAVE_STDLIB_H=1 -DHAVE_STRING_H=1 -DHAVE_STRINGS_H=1 -DHAVE_SYS_TIME_H=1 -DHAVE_UNISTD_H=1 -DHAVE__BOOL=1 -DHAVE_STDBOOL_H=1 -DHAVE_STDLIB_H=1 -DHAVE_MALLOC=1 -DHAVE_STDLIB_H=1 -DHAVE_REALLOC=1 -DLSTAT_FOLLOWS_SLASHED_SYMLINK=1 -DHAVE_VPRINTF=1 -DHAVE_MEMMOVE=1 -DHAVE_MEMSET=1 -DHAVE_STRCASECMP=1 -DHAVE_STRDUP=1'
DEPDIR='.deps'
ECHO_C=''
ECHO_N='-n'
ECHO_T=''
EGREP='/bin/grep -E'
EXEEXT=''
GREP='/bin/grep'
INSTALL_DATA='${INSTALL} -m 644'
INSTALL_PROGRAM='${INSTALL}'
INSTALL_SCRIPT='${INSTALL}'
INSTALL_STRIP_PROGRAM='$(install_sh) -c -s'
LAPACK_PATH='/home/laboinfo/benkheder/alize/LIA_RAL_3.0/../lapack/'
LDFLAGS=''
LIBLAPACK=''
LIBOBJS=''
LIBS=''
LIBTHREAD='-lpthread'
LN_S='ln -s'
LTLIBOBJS=''
MAKEINFO='makeinfo'
MKDIR_P='/bin/mkdir -p'
OBJEXT='o'
OS='Linux'
PACKAGE='LIA_RAL'
PACKAGE_BUGREPORT='dev-alize@listes.univ-avignon.fr'
PACKAGE_NAME='LIA_RAL'
PACKAGE_STRING='LIA_RAL 3.0'
PACKAGE_TARNAME='lia_ral'
PACKAGE_URL=''
PACKAGE_VERSION='3.0'
PATH_SEPARATOR=':'
RANLIB='ranlib'
SET_MAKE=''
SHELL='/bin/bash'
STRIP=''
VERSION='3.0'
ac_ct_CC='gcc'
ac_ct_CXX='g++'
am__EXEEXT_FALSE=''
am__EXEEXT_TRUE='#'
am__fastdepCC_FALSE='#'
am__fastdepCC_TRUE=''
am__fastdepCXX_FALSE='#'
am__fastdepCXX_TRUE=''
am__include='include'
am__isrc=''
am__leading_dot='.'
am__nodep='_no'
am__quote=''
am__tar='$${TAR-tar} chof - "$$tardir"'
am__untar='$${TAR-tar} xf -'
bindir='${exec_prefix}/bin'
build_alias=''
datadir='${datarootdir}'
datarootdir='${prefix}/share'
docdir='${datarootdir}/doc/${PACKAGE_TARNAME}'
dvidir='${docdir}'
exec_prefix='${prefix}'
host_alias=''
htmldir='${docdir}'
includedir='${prefix}/include'
infodir='${datarootdir}/info'
install_sh='${SHELL} /home/laboinfo/benkheder/alize/LIA_RAL_3.0/install-sh'
lib_alize='-lalize_Linux_x86_64'
libdir='${exec_prefix}/lib'
libexecdir='${exec_prefix}/libexec'
localedir='${datarootdir}/locale'
localstatedir='${prefix}/var'
mandir='${datarootdir}/man'
mkdir_p='$(MKDIR_P)'
oldincludedir='/usr/include'
pdfdir='${docdir}'
prefix='/usr/local'
program_transform_name='s,x,x,'
psdir='${docdir}'
sbindir='${exec_prefix}/sbin'
sharedstatedir='${prefix}/com'
sysconfdir='${prefix}/etc'
target_alias=''

## ----------- ##
## confdefs.h. ##
## ----------- ##

/* confdefs.h */
#define PACKAGE_NAME "LIA_RAL"
#define PACKAGE_TARNAME "lia_ral"
#define PACKAGE_VERSION "3.0"
#define PACKAGE_STRING "LIA_RAL 3.0"
#define PACKAGE_BUGREPORT "dev-alize@listes.univ-avignon.fr"
#define PACKAGE_URL ""
#define PACKAGE "LIA_RAL"
#define VERSION "3.0"
#define STDC_HEADERS 1
#define HAVE_SYS_TYPES_H 1
#define HAVE_SYS_STAT_H 1
#define HAVE_STDLIB_H 1
#define HAVE_STRING_H 1
#define HAVE_MEMORY_H 1
#define HAVE_STRINGS_H 1
#define HAVE_INTTYPES_H 1
#define HAVE_STDINT_H 1
#define HAVE_UNISTD_H 1
#define HAVE_FCNTL_H 1
#define HAVE_FLOAT_H 1
#define HAVE_NETINET_IN_H 1
#define HAVE_STDLIB_H 1
#define HAVE_STRING_H 1
#define HAVE_STRINGS_H 1
#define HAVE_SYS_TIME_H 1
#define HAVE_UNISTD_H 1
#define HAVE__BOOL 1
#define HAVE_STDBOOL_H 1
#define HAVE_STDLIB_H 1
#define HAVE_MALLOC 1
#define HAVE_STDLIB_H 1
#define HAVE_REALLOC 1
#define LSTAT_FOLLOWS_SLASHED_SYMLINK 1
#define HAVE_VPRINTF 1
#define HAVE_MEMMOVE 1
#define HAVE_MEMSET 1
#define HAVE_STRCASECMP 1
#define HAVE_STRDUP 1

configure: exit 0

## ---------------------- ##
## Running config.status. ##
## ---------------------- ##

This file was extended by LIA_RAL config.status 3.0, which was
generated by GNU Autoconf 2.69.  Invocation command line was

  CONFIG_FILES    = 
  CONFIG_HEADERS  = 
  CONFIG_LINKS    = 
  CONFIG_COMMANDS = 
  $ ./config.status 

on Galactica

config.status:875: creating LIA_SpkTools/Makefile
config.status:875: creating LIA_SpkTools/src/Makefile
config.status:875: creating LIA_SpkDet/Makefile
config.status:875: creating LIA_SpkDet/TrainWorld/Makefile
config.status:875: creating LIA_SpkDet/TrainWorld/src/Makefile
config.status:875: creating LIA_SpkDet/ComputeJFAStats/Makefile
config.status:875: creating LIA_SpkDet/ComputeJFAStats/src/Makefile
config.status:875: creating LIA_SpkDet/ComputeNorm/Makefile
config.status:875: creating LIA_SpkDet/ComputeNorm/src/Makefile
config.status:875: creating LIA_SpkDet/ComputeTest/Makefile
config.status:875: creating LIA_SpkDet/ComputeTest/src/Makefile
config.status:875: creating LIA_SpkDet/CovIntra/Makefile
config.status:875: creating LIA_SpkDet/CovIntra/src/Makefile
config.status:875: creating LIA_SpkDet/CovIntra/src/SVDLIBC/Makefile
config.status:875: creating LIA_SpkDet/EigenChannel/Makefile
config.status:875: creating LIA_SpkDet/EigenChannel/src/Makefile
config.status:875: creating LIA_SpkDet/EigenVoice/Makefile
config.status:875: creating LIA_SpkDet/EigenVoice/src/Makefile
config.status:875: creating LIA_SpkDet/EstimateDMatrix/Makefile
config.status:875: creating LIA_SpkDet/EstimateDMatrix/src/Makefile
config.status:875: creating LIA_SpkDet/EnergyDetector/Makefile
config.status:875: creating LIA_SpkDet/EnergyDetector/src/Makefile
config.status:875: creating LIA_SpkDet/IvExtractor/Makefile
config.status:875: creating LIA_SpkDet/IvExtractor/src/Makefile
config.status:875: creating LIA_SpkDet/IvNorm/Makefile
config.status:875: creating LIA_SpkDet/IvNorm/src/Makefile
config.status:875: creating LIA_SpkDet/IvTest/Makefile
config.status:875: creating LIA_SpkDet/IvTest/src/Makefile
config.status:875: creating LIA_SpkDet/NormFeat/Makefile
config.status:875: creating LIA_SpkDet/NormFeat/src/Makefile
config.status:875: creating LIA_SpkDet/NormFeatWindowMode/Makefile
config.status:875: creating LIA_SpkDet/NormFeatWindowMode/src/Makefile
config.status:875: creating LIA_SpkDet/PLDA/Makefile
config.status:875: creating LIA_SpkDet/PLDA/src/Makefile
config.status:875: creating LIA_SpkDet/ShiftedDeltaFeat/Makefile
config.status:875: creating LIA_SpkDet/ShiftedDeltaFeat/src/Makefile
config.status:875: creating LIA_SpkDet/SpkAdapt/Makefile
config.status:875: creating LIA_SpkDet/SpkAdapt/src/Makefile
config.status:875: creating LIA_SpkDet/TotalVariability/Makefile
config.status:875: creating LIA_SpkDet/TotalVariability/src/Makefile
config.status:875: creating LIA_SpkDet/TrainTarget/Makefile
config.status:875: creating LIA_SpkDet/TrainTarget/src/Makefile
config.status:875: creating LIA_Utils/Makefile
config.status:875: creating LIA_Utils/ExtractParams/Makefile
config.status:875: creating LIA_Utils/ExtractParams/src/Makefile
config.status:875: creating LIA_Utils/FusionScore/Makefile
config.status:875: creating LIA_Utils/FusionScore/src/Makefile
config.status:875: creating LIA_Utils/Hist/Makefile
config.status:875: creating LIA_Utils/Hist/src/Makefile
config.status:875: creating LIA_Utils/LabelFusion/Makefile
config.status:875: creating LIA_Utils/LabelFusion/src/Makefile
config.status:875: creating LIA_Utils/NAPSV/Makefile
config.status:875: creating LIA_Utils/NAPSV/src/Makefile
config.status:875: creating LIA_Utils/PolyExp/Makefile
config.status:875: creating LIA_Utils/PolyExp/src/Makefile
config.status:875: creating LIA_Utils/ReadFeatFile/Makefile
config.status:875: creating LIA_Utils/ReadFeatFile/src/Makefile
config.status:875: creating LIA_Utils/PrintLLK/Makefile
config.status:875: creating LIA_Utils/PrintLLK/Makefile
config.status:875: creating LIA_Utils/ReadModel/Makefile
config.status:875: creating LIA_Utils/ReadModel/src/Makefile
config.status:875: creating LIA_Utils/ScoreWarp/Makefile
config.status:875: creating LIA_Utils/ScoreWarp/src/Makefile
config.status:875: creating LIA_Utils/Scoring/Makefile
config.status:875: creating LIA_Utils/Scoring/src/Makefile
config.status:875: creating LIA_Utils/Svm/Makefile
config.status:875: creating LIA_Utils/Svm/src/Makefile
config.status:875: creating LIA_Utils/TimeCluster/Makefile
config.status:875: creating LIA_Utils/TimeCluster/src/Makefile
config.status:875: creating LIA_Utils/ModelToSv/Makefile
config.status:875: creating LIA_Utils/ModelToSv/src/Makefile
config.status:875: creating LIA_SpkSeg/Makefile
config.status:875: creating LIA_SpkSeg/AcousticSegmentation/Makefile
config.status:875: creating LIA_SpkSeg/AcousticSegmentation/src/Makefile
config.status:875: creating LIA_SpkSeg/ReSegmentation/Makefile
config.status:875: creating LIA_SpkSeg/ReSegmentation/src/Makefile
config.status:875: creating LIA_SpkSeg/Segmentation/Makefile
config.status:875: creating LIA_SpkSeg/Segmentation/src/Makefile
config.status:875: creating LIA_SpkSeg/TurnDetection/Makefile
config.status:875: creating LIA_SpkSeg/TurnDetection/src/Makefile
config.status:875: creating Makefile
config.status:1047: executing depfiles commands
